c:\users\user\documents\visual studio 2015\projects\function\nocka\debug\vc140.pdb
c:\users\user\documents\visual studio 2015\projects\function\nocka\debug\vc140.idb
c:\users\user\documents\visual studio 2015\projects\function\nocka\debug\start.obj
c:\users\user\documents\visual studio 2015\projects\function\nocka\debug\f_kwadrat.obj
c:\users\user\documents\visual studio 2015\projects\function\nocka\debug\main.obj
c:\users\user\documents\visual studio 2015\projects\function\nocka\debug\morf_og.obj
c:\users\user\documents\visual studio 2015\projects\function\nocka\debug\delta.obj
c:\users\user\documents\visual studio 2015\projects\function\nocka\debug\calc_p.obj
c:\users\user\documents\visual studio 2015\projects\function\nocka\debug\dodatkowe_info.obj
c:\users\user\documents\visual studio 2015\projects\function\nocka\debug\morf_ka.obj
c:\users\user\documents\visual studio 2015\projects\function\nocka\debug\morf_il.obj
c:\users\user\documents\visual studio 2015\projects\function\nocka\debug\irregularity.obj
c:\users\user\documents\visual studio 2015\projects\function\nocka\debug\rip.obj
c:\users\user\documents\visual studio 2015\projects\function\nocka\debug\everymorfs.obj
c:\users\user\documents\visual studio 2015\projects\function\nocka\debug\wyrazenia.obj
c:\users\user\documents\visual studio 2015\projects\function\nocka\debug\dodatkowe_inf_lin.obj
c:\users\user\documents\visual studio 2015\projects\function\nocka\debug\every_lin_morf.obj
c:\users\user\documents\visual studio 2015\projects\function\nocka\debug\f_linia.obj
c:\users\user\documents\visual studio 2015\projects\function\nocka\debug\wykr_lin.obj
c:\users\user\documents\visual studio 2015\projects\function\nocka\debug\przekaz.obj
c:\users\user\documents\visual studio 2015\projects\function\nocka\debug\lin_wyrazenia.obj
c:\users\user\documents\visual studio 2015\projects\function\debug\nocka.ilk
c:\users\user\documents\visual studio 2015\projects\function\debug\nocka.exe
c:\users\user\documents\visual studio 2015\projects\function\debug\nocka.pdb
c:\users\user\documents\visual studio 2015\projects\function\nocka\debug\start.obj.enc
c:\users\user\documents\visual studio 2015\projects\function\nocka\debug\nocka.tlog\cl.command.1.tlog
c:\users\user\documents\visual studio 2015\projects\function\nocka\debug\nocka.tlog\cl.read.1.tlog
c:\users\user\documents\visual studio 2015\projects\function\nocka\debug\nocka.tlog\cl.write.1.tlog
c:\users\user\documents\visual studio 2015\projects\function\nocka\debug\nocka.tlog\link-cvtres.read.1.tlog
c:\users\user\documents\visual studio 2015\projects\function\nocka\debug\nocka.tlog\link-cvtres.write.1.tlog
c:\users\user\documents\visual studio 2015\projects\function\nocka\debug\nocka.tlog\link-rc.read.1.tlog
c:\users\user\documents\visual studio 2015\projects\function\nocka\debug\nocka.tlog\link-rc.write.1.tlog
c:\users\user\documents\visual studio 2015\projects\function\nocka\debug\nocka.tlog\link.7996-cvtres.read.1.tlog
c:\users\user\documents\visual studio 2015\projects\function\nocka\debug\nocka.tlog\link.7996-cvtres.write.1.tlog
c:\users\user\documents\visual studio 2015\projects\function\nocka\debug\nocka.tlog\link.7996-rc.read.1.tlog
c:\users\user\documents\visual studio 2015\projects\function\nocka\debug\nocka.tlog\link.7996-rc.write.1.tlog
c:\users\user\documents\visual studio 2015\projects\function\nocka\debug\nocka.tlog\link.7996.read.1.tlog
c:\users\user\documents\visual studio 2015\projects\function\nocka\debug\nocka.tlog\link.7996.write.1.tlog
c:\users\user\documents\visual studio 2015\projects\function\nocka\debug\nocka.tlog\link.command.1.tlog
c:\users\user\documents\visual studio 2015\projects\function\nocka\debug\nocka.tlog\link.read.1.tlog
c:\users\user\documents\visual studio 2015\projects\function\nocka\debug\nocka.tlog\link.write.1.tlog
